<?xml version="1.0" encoding="UTF-8"?>
<testsuite xmlns:xsi="http://www.w3.org/2001/XMLSchema-instance" xsi:noNamespaceSchemaLocation="https://maven.apache.org/surefire/maven-surefire-plugin/xsd/surefire-test-report.xsd" name="Runner.TestRunner" time="42.661" tests="3" errors="0" skipped="0" failures="0">
  <properties>
[...]
</properties>
  <testcase name="Verify Cart Checkout" classname="Checkout function" time="4.372"/>
  <testcase name="Verify add all products and remove products" classname="Add to cart functionality" time="33.709"/>
  <testcase name="Verify Product Sorting" classname="Filter function" time="3.763"/>
</testsuite>